<?xml version="1.0" encoding="UTF-8"?>
<!-- Generated by org.testng.reporters.JUnitXMLReporter -->
<testsuite ignored="0" hostname="LAPTOP-R47CCG0J" failures="0" tests="3" name="Test" time="0.071" errors="0" timestamp="23 Feb 2023 09:54:02 GMT">
  <testcase classname="testNgPack.Test1Class" name="@BeforeTest openbrowser" time="0.0">
    <failure type="org.testng.TestNGException" message="
Parameter &amp;apos;browser&amp;apos; is required by BeforeTest on method openbrowser but has not been marked @Optional or defined
in C:\Users\Rita\eclipse-workspace\NaukriMavenAutomation\testng.xml">
      <![CDATA[org.testng.TestNGException: 
Parameter 'browser' is required by BeforeTest on method openbrowser but has not been marked @Optional or defined
in C:\Users\Rita\eclipse-workspace\NaukriMavenAutomation\testng.xml
... Removed 21 stack frames]]>
    </failure>
  </testcase> <!-- @BeforeTest openbrowser -->
  <testcase classname="testNgPack.Test1Class" name="@BeforeClass openBrowser" time="0.0">
    <skipped/>
  </testcase> <!-- @BeforeClass openBrowser -->
  <testcase classname="testNgPack.Test1Class" name="@BeforeMethod beforeMethod" time="0.0">
    <skipped/>
  </testcase> <!-- @BeforeMethod beforeMethod -->
  <testcase classname="testNgPack.Test1Class" name="@AfterMethod aftermethod" time="0.0">
    <skipped/>
  </testcase> <!-- @AfterMethod aftermethod -->
  <testcase classname="testNgPack.Test1Class" name="@BeforeMethod beforeMethod" time="0.0">
    <skipped/>
  </testcase> <!-- @BeforeMethod beforeMethod -->
  <testcase classname="testNgPack.Test1Class" name="@AfterMethod aftermethod" time="0.0">
    <skipped/>
  </testcase> <!-- @AfterMethod aftermethod -->
  <testcase classname="testNgPack.Test1Class" name="@BeforeMethod beforeMethod" time="0.0">
    <skipped/>
  </testcase> <!-- @BeforeMethod beforeMethod -->
  <testcase classname="testNgPack.Test1Class" name="@AfterMethod aftermethod" time="0.0">
    <skipped/>
  </testcase> <!-- @AfterMethod aftermethod -->
  <testcase classname="testNgPack.Test1Class" name="@AfterClass afterclass" time="0.0">
    <skipped/>
  </testcase> <!-- @AfterClass afterclass -->
  <testcase classname="testNgPack.Test1Class" name="@AfterTest afterTest" time="0.0">
    <skipped/>
  </testcase> <!-- @AfterTest afterTest -->
  <testcase classname="testNgPack.Test1Class" name="test1" time="0.0">
    <skipped/>
  </testcase> <!-- test1 -->
  <testcase classname="testNgPack.Test1Class" name="test2" time="0.0">
    <skipped/>
  </testcase> <!-- test2 -->
  <testcase classname="testNgPack.Test1Class" name="test3" time="0.0">
    <skipped/>
  </testcase> <!-- test3 -->
</testsuite> <!-- Test -->
