<?xml version="1.0" encoding="UTF-8"?>
<testng-results ignored="0" total="3" passed="3" failed="0" skipped="0">
  <reporter-output>
  </reporter-output>
  <suite started-at="2023-03-03T18:27:44 IST" name="Suite" finished-at="2023-03-03T18:28:23 IST" duration-ms="38789">
    <groups>
    </groups>
    <test started-at="2023-03-03T18:27:44 IST" name="Class" finished-at="2023-03-03T18:28:23 IST" duration-ms="38789">
      <class name="testNgPack.Test1Class">
        <test-method is-config="true" signature="beforeSuite()[pri:0, instance:testNgPack.Test1Class@cd3fee8]" started-at="2023-03-03T18:27:44 IST" name="beforeSuite" finished-at="2023-03-03T18:27:44 IST" duration-ms="9" status="PASS">
          <reporter-output>
          </reporter-output>
        </test-method> <!-- beforeSuite -->
        <test-method is-config="true" signature="openbrowser(java.lang.String)[pri:0, instance:testNgPack.Test1Class@cd3fee8]" started-at="2023-03-03T18:27:44 IST" name="openbrowser" finished-at="2023-03-03T18:27:46 IST" duration-ms="2269" status="PASS">
          <params>
            <param index="0">
              <value>
                <![CDATA[Chrome]]>
              </value>
            </param>
          </params>
          <reporter-output>
          </reporter-output>
        </test-method> <!-- openbrowser -->
        <test-method is-config="true" signature="openBrowser()[pri:0, instance:testNgPack.Test1Class@cd3fee8]" started-at="2023-03-03T18:27:46 IST" name="openBrowser" finished-at="2023-03-03T18:27:48 IST" duration-ms="2169" status="PASS">
          <reporter-output>
          </reporter-output>
        </test-method> <!-- openBrowser -->
        <test-method is-config="true" signature="beforeMethod()[pri:0, instance:testNgPack.Test1Class@cd3fee8]" started-at="2023-03-03T18:27:48 IST" name="beforeMethod" finished-at="2023-03-03T18:27:48 IST" duration-ms="8" status="PASS">
          <reporter-output>
          </reporter-output>
        </test-method> <!-- beforeMethod -->
        <test-method signature="test1()[pri:0, instance:testNgPack.Test1Class@cd3fee8]" started-at="2023-03-03T18:27:48 IST" name="test1" finished-at="2023-03-03T18:27:54 IST" duration-ms="5191" status="PASS">
          <reporter-output>
          </reporter-output>
        </test-method> <!-- test1 -->
        <test-method is-config="true" signature="aftermethod()[pri:0, instance:testNgPack.Test1Class@cd3fee8]" started-at="2023-03-03T18:27:54 IST" name="aftermethod" finished-at="2023-03-03T18:27:54 IST" duration-ms="1" status="PASS">
          <reporter-output>
          </reporter-output>
        </test-method> <!-- aftermethod -->
        <test-method is-config="true" signature="beforeMethod()[pri:0, instance:testNgPack.Test1Class@cd3fee8]" started-at="2023-03-03T18:27:54 IST" name="beforeMethod" finished-at="2023-03-03T18:27:54 IST" duration-ms="1" status="PASS">
          <reporter-output>
          </reporter-output>
        </test-method> <!-- beforeMethod -->
        <test-method signature="test2()[pri:0, instance:testNgPack.Test1Class@cd3fee8]" started-at="2023-03-03T18:27:54 IST" name="test2" finished-at="2023-03-03T18:28:12 IST" duration-ms="18622" status="PASS">
          <reporter-output>
          </reporter-output>
        </test-method> <!-- test2 -->
        <test-method is-config="true" signature="aftermethod()[pri:0, instance:testNgPack.Test1Class@cd3fee8]" started-at="2023-03-03T18:28:12 IST" name="aftermethod" finished-at="2023-03-03T18:28:12 IST" duration-ms="1" status="PASS">
          <reporter-output>
          </reporter-output>
        </test-method> <!-- aftermethod -->
        <test-method is-config="true" signature="beforeMethod()[pri:0, instance:testNgPack.Test1Class@cd3fee8]" started-at="2023-03-03T18:28:12 IST" name="beforeMethod" finished-at="2023-03-03T18:28:12 IST" duration-ms="1" status="PASS">
          <reporter-output>
          </reporter-output>
        </test-method> <!-- beforeMethod -->
        <test-method signature="test3()[pri:0, instance:testNgPack.Test1Class@cd3fee8]" started-at="2023-03-03T18:28:12 IST" name="test3" finished-at="2023-03-03T18:28:22 IST" duration-ms="9365" status="PASS">
          <reporter-output>
          </reporter-output>
        </test-method> <!-- test3 -->
        <test-method is-config="true" signature="aftermethod()[pri:0, instance:testNgPack.Test1Class@cd3fee8]" started-at="2023-03-03T18:28:22 IST" name="aftermethod" finished-at="2023-03-03T18:28:22 IST" duration-ms="1" status="PASS">
          <reporter-output>
          </reporter-output>
        </test-method> <!-- aftermethod -->
        <test-method is-config="true" signature="afterclass()[pri:0, instance:testNgPack.Test1Class@cd3fee8]" started-at="2023-03-03T18:28:22 IST" name="afterclass" finished-at="2023-03-03T18:28:22 IST" duration-ms="1" status="PASS">
          <reporter-output>
          </reporter-output>
        </test-method> <!-- afterclass -->
        <test-method is-config="true" signature="afterTest()[pri:0, instance:testNgPack.Test1Class@cd3fee8]" started-at="2023-03-03T18:28:22 IST" name="afterTest" finished-at="2023-03-03T18:28:23 IST" duration-ms="1079" status="PASS">
          <reporter-output>
          </reporter-output>
        </test-method> <!-- afterTest -->
        <test-method is-config="true" signature="aftersuite()[pri:0, instance:testNgPack.Test1Class@cd3fee8]" started-at="2023-03-03T18:28:23 IST" name="aftersuite" finished-at="2023-03-03T18:28:23 IST" duration-ms="1" status="PASS">
          <reporter-output>
          </reporter-output>
        </test-method> <!-- aftersuite -->
      </class> <!-- testNgPack.Test1Class -->
    </test> <!-- Class -->
  </suite> <!-- Suite -->
</testng-results>
